Performing C SOURCE FILE Test CMAKE_HAVE_LIBC_PTHREAD failed with the following output:
Change Dir: /home/2ins2/jgautier/M2/Synthese/gltf-viewer-tutorial/cmake-build-debug/CMakeFiles/CMakeTmp

Run Build Command(s):/usr/bin/make cmTC_6f351/fast && /usr/bin/make -f CMakeFiles/cmTC_6f351.dir/build.make CMakeFiles/cmTC_6f351.dir/build
make[1] : on entre dans le répertoire « /home/2ins2/jgautier/M2/Synthese/gltf-viewer-tutorial/cmake-build-debug/CMakeFiles/CMakeTmp »
Building C object CMakeFiles/cmTC_6f351.dir/src.c.o
/usr/bin/cc   -DCMAKE_HAVE_LIBC_PTHREAD   -o CMakeFiles/cmTC_6f351.dir/src.c.o   -c /home/2ins2/jgautier/M2/Synthese/gltf-viewer-tutorial/cmake-build-debug/CMakeFiles/CMakeTmp/src.c
Linking C executable cmTC_6f351
/home/2ins2/jgautier/Téléchargements/clion-2019.3.3/bin/cmake/linux/bin/cmake -E cmake_link_script CMakeFiles/cmTC_6f351.dir/link.txt --verbose=1
/usr/bin/cc  -DCMAKE_HAVE_LIBC_PTHREAD    -rdynamic CMakeFiles/cmTC_6f351.dir/src.c.o  -o cmTC_6f351 
CMakeFiles/cmTC_6f351.dir/src.c.o : Dans la fonction « main » :
src.c:(.text+0x2f) : référence indéfinie vers « pthread_create »
src.c:(.text+0x3b) : référence indéfinie vers « pthread_detach »
src.c:(.text+0x4c) : référence indéfinie vers « pthread_join »
src.c:(.text+0x60) : référence indéfinie vers « pthread_atfork »
collect2: error: ld returned 1 exit status
CMakeFiles/cmTC_6f351.dir/build.make:86 : la recette pour la cible « cmTC_6f351 » a échouée
make[1]: *** [cmTC_6f351] Erreur 1
make[1] : on quitte le répertoire « /home/2ins2/jgautier/M2/Synthese/gltf-viewer-tutorial/cmake-build-debug/CMakeFiles/CMakeTmp »
Makefile:121 : la recette pour la cible « cmTC_6f351/fast » a échouée
make: *** [cmTC_6f351/fast] Erreur 2


Source file was:
#include <pthread.h>

void* test_func(void* data)
{
  return data;
}

int main(void)
{
  pthread_t thread;
  pthread_create(&thread, NULL, test_func, NULL);
  pthread_detach(thread);
  pthread_join(thread, NULL);
  pthread_atfork(NULL, NULL, NULL);
  pthread_exit(NULL);

  return 0;
}

Determining if the function pthread_create exists in the pthreads failed with the following output:
Change Dir: /home/2ins2/jgautier/M2/Synthese/gltf-viewer-tutorial/cmake-build-debug/CMakeFiles/CMakeTmp

Run Build Command(s):/usr/bin/make cmTC_f000f/fast && /usr/bin/make -f CMakeFiles/cmTC_f000f.dir/build.make CMakeFiles/cmTC_f000f.dir/build
make[1] : on entre dans le répertoire « /home/2ins2/jgautier/M2/Synthese/gltf-viewer-tutorial/cmake-build-debug/CMakeFiles/CMakeTmp »
Building C object CMakeFiles/cmTC_f000f.dir/CheckFunctionExists.c.o
/usr/bin/cc   -DCHECK_FUNCTION_EXISTS=pthread_create   -o CMakeFiles/cmTC_f000f.dir/CheckFunctionExists.c.o   -c /home/2ins2/jgautier/Téléchargements/clion-2019.3.3/bin/cmake/linux/share/cmake-3.15/Modules/CheckFunctionExists.c
Linking C executable cmTC_f000f
/home/2ins2/jgautier/Téléchargements/clion-2019.3.3/bin/cmake/linux/bin/cmake -E cmake_link_script CMakeFiles/cmTC_f000f.dir/link.txt --verbose=1
/usr/bin/cc  -DCHECK_FUNCTION_EXISTS=pthread_create    -rdynamic CMakeFiles/cmTC_f000f.dir/CheckFunctionExists.c.o  -o cmTC_f000f -lpthreads 
/usr/bin/ld : ne peut trouver -lpthreads
collect2: error: ld returned 1 exit status
CMakeFiles/cmTC_f000f.dir/build.make:86 : la recette pour la cible « cmTC_f000f » a échouée
make[1]: *** [cmTC_f000f] Erreur 1
make[1] : on quitte le répertoire « /home/2ins2/jgautier/M2/Synthese/gltf-viewer-tutorial/cmake-build-debug/CMakeFiles/CMakeTmp »
Makefile:121 : la recette pour la cible « cmTC_f000f/fast » a échouée
make: *** [cmTC_f000f/fast] Erreur 2



